#
# There is insufficient memory for the Java Runtime Environment to continue.
# Native memory allocation (mmap) failed to map 100663296 bytes for G1 virtual space
# Possible reasons:
#   The system is out of physical RAM or swap space
#   The process is running with CompressedOops enabled, and the Java Heap may be blocking the growth of the native heap
# Possible solutions:
#   Reduce memory load on the system
#   Increase physical memory or swap space
#   Check if swap backing store is full
#   Decrease Java heap size (-Xmx/-Xms)
#   Decrease number of Java threads
#   Decrease Java thread stack sizes (-Xss)
#   Set larger code cache with -XX:ReservedCodeCacheSize=
#   JVM is running with Unscaled Compressed Oops mode in which the Java heap is
#     placed in the first 4GB address space. The Java Heap base address is the
#     maximum limit for the native heap growth. Please use -XX:HeapBaseMinAddress
#     to set the Java Heap base and to place the Java Heap above 4GB virtual address.
# This output file may be truncated or incomplete.
#
#  Out of Memory Error (os_windows.cpp:3541), pid=16936, tid=11288
#
# JRE version:  (17.0.4.1+1) (build )
# Java VM: OpenJDK 64-Bit Server VM (17.0.4.1+1, mixed mode, sharing, tiered, compressed oops, compressed class ptrs, g1 gc, windows-amd64)
# No core dump will be written. Minidumps are not enabled by default on client versions of Windows
#

---------------  S U M M A R Y ------------

Command Line: -Dfile.encoding=UTF-8 -XX:+ShowCodeDetailsInExceptionMessages glavni.SistemGUI

Host: AMD Ryzen 3 3200U with Radeon Vega Mobile Gfx  , 4 cores, 5G,  Windows 10 , 64 bit Build 19041 (10.0.19041.5198)
Time: Mon Nov 25 22:53:23 2024 Standard. vreme u Centr. Evropi elapsed time: 0.036639 seconds (0d 0h 0m 0s)

---------------  T H R E A D  ---------------

Current thread (0x000001657617be80):  JavaThread "Unknown thread" [_thread_in_vm, id=11288, stack(0x0000003dce500000,0x0000003dce600000)]

Stack: [0x0000003dce500000,0x0000003dce600000]
Native frames: (J=compiled Java code, j=interpreted, Vv=VM code, C=native code)
V  [jvm.dll+0x67731a]
V  [jvm.dll+0x832284]
V  [jvm.dll+0x833a2e]
V  [jvm.dll+0x834093]
V  [jvm.dll+0x245775]
V  [jvm.dll+0x674209]
V  [jvm.dll+0x668a92]
V  [jvm.dll+0x30471b]
V  [jvm.dll+0x30bc66]
V  [jvm.dll+0x35ba9e]
V  [jvm.dll+0x35bccf]
V  [jvm.dll+0x2db5b8]
V  [jvm.dll+0x2dc524]
V  [jvm.dll+0x803db1]
V  [jvm.dll+0x3698f1]
V  [jvm.dll+0x7e31bc]
V  [jvm.dll+0x3ec25f]
V  [jvm.dll+0x3edde1]
C  [jli.dll+0x5277]
C  [ucrtbase.dll+0x21bb2]
C  [KERNEL32.DLL+0x17374]
C  [ntdll.dll+0x4cc91]


---------------  P R O C E S S  ---------------

Threads class SMR info:
_java_thread_list=0x00007ffb3b6c4e98, length=0, elements={
}

Java Threads: ( => current thread )

Other Threads:
  0x00000165761c68a0 GCTaskThread "GC Thread#0" [stack: 0x0000003dce600000,0x0000003dce700000] [id=12716]
  0x00000165761d3ed0 ConcurrentGCThread "G1 Main Marker" [stack: 0x0000003dce700000,0x0000003dce800000] [id=16656]
  0x00000165761d48e0 ConcurrentGCThread "G1 Conc#0" [stack: 0x0000003dce800000,0x0000003dce900000] [id=12328]

[error occurred during error reporting (printing all threads), id 0xc0000005, EXCEPTION_ACCESS_VIOLATION (0xc0000005) at pc=0x00007ffb3ae9c047]

VM state: not at safepoint (not fully initialized)

VM Mutex/Monitor currently owned by a thread:  ([mutex/lock_event])
[0x00000165761753a0] Heap_lock - owner thread: 0x000001657617be80

Heap address: 0x00000000a0c00000, size: 1524 MB, Compressed Oops mode: 32-bit

CDS archive(s) mapped at: [0x0000000000000000-0x0000000000000000-0x0000000000000000), size 0, SharedBaseAddress: 0x0000000800000000, ArchiveRelocationMode: 0.
Narrow klass base: 0x0000000000000000, Narrow klass shift: 0, Narrow klass range: 0x0

GC Precious Log:
<Empty>

Heap:
 garbage-first heap   total 0K, used 0K [0x00000000a0c00000, 0x0000000100000000)
  region size 1024K, 0 young (0K), 0 survivors (0K)

[error occurred during error reporting (printing heap information), id 0xc0000005, EXCEPTION_ACCESS_VIOLATION (0xc0000005) at pc=0x00007ffb3b280699]

GC Heap History (0 events):
No events

Deoptimization events (0 events):
No events

Classes unloaded (0 events):
No events

Classes redefined (0 events):
No events

Internal exceptions (0 events):
No events

VM Operations (0 events):
No events

Events (1 events):
Event: 0.019 Loaded shared library C:\Users\Aleksandar\.p2\pool\plugins\org.eclipse.justj.openjdk.hotspot.jre.full.win32.x86_64_17.0.4.v20220903-1038\jre\bin\java.dll


Dynamic libraries:
0x00007ff6cbbc0000 - 0x00007ff6cbbce000 	C:\Users\Aleksandar\.p2\pool\plugins\org.eclipse.justj.openjdk.hotspot.jre.full.win32.x86_64_17.0.4.v20220903-1038\jre\bin\javaw.exe
0x00007ffb7e9d0000 - 0x00007ffb7ebc8000 	C:\WINDOWS\SYSTEM32\ntdll.dll
0x00007ffb599d0000 - 0x00007ffb599ea000 	C:\Program Files\AVG\Antivirus\aswhook.dll
0x00007ffb7dc70000 - 0x00007ffb7dd32000 	C:\WINDOWS\System32\KERNEL32.DLL
0x00007ffb7c3a0000 - 0x00007ffb7c69e000 	C:\WINDOWS\System32\KERNELBASE.dll
0x00007ffb7c6f0000 - 0x00007ffb7c7f0000 	C:\WINDOWS\System32\ucrtbase.dll
0x00007ffb77000000 - 0x00007ffb77018000 	C:\Users\Aleksandar\.p2\pool\plugins\org.eclipse.justj.openjdk.hotspot.jre.full.win32.x86_64_17.0.4.v20220903-1038\jre\bin\jli.dll
0x00007ffb7d120000 - 0x00007ffb7d2bd000 	C:\WINDOWS\System32\USER32.dll
0x00007ffb7c9c0000 - 0x00007ffb7c9e2000 	C:\WINDOWS\System32\win32u.dll
0x00007ffb7e950000 - 0x00007ffb7e97b000 	C:\WINDOWS\System32\GDI32.dll
0x00007ffb7c1e0000 - 0x00007ffb7c2f7000 	C:\WINDOWS\System32\gdi32full.dll
0x00007ffb7c300000 - 0x00007ffb7c39d000 	C:\WINDOWS\System32\msvcp_win.dll
0x00007ffb657e0000 - 0x00007ffb657f9000 	C:\Users\Aleksandar\.p2\pool\plugins\org.eclipse.justj.openjdk.hotspot.jre.full.win32.x86_64_17.0.4.v20220903-1038\jre\bin\VCRUNTIME140.dll
0x00007ffb604d0000 - 0x00007ffb6076a000 	C:\WINDOWS\WinSxS\amd64_microsoft.windows.common-controls_6595b64144ccf1df_6.0.19041.4355_none_60b8b9eb71f62e16\COMCTL32.dll
0x00007ffb7e6a0000 - 0x00007ffb7e73e000 	C:\WINDOWS\System32\msvcrt.dll
0x00007ffb7cfe0000 - 0x00007ffb7d00f000 	C:\WINDOWS\System32\IMM32.DLL
0x00007ffb76ff0000 - 0x00007ffb76ffc000 	C:\Users\Aleksandar\.p2\pool\plugins\org.eclipse.justj.openjdk.hotspot.jre.full.win32.x86_64_17.0.4.v20220903-1038\jre\bin\vcruntime140_1.dll
0x00007ffb527c0000 - 0x00007ffb52851000 	C:\Users\Aleksandar\.p2\pool\plugins\org.eclipse.justj.openjdk.hotspot.jre.full.win32.x86_64_17.0.4.v20220903-1038\jre\bin\msvcp140.dll
0x00007ffb3abb0000 - 0x00007ffb3b7f6000 	C:\Users\Aleksandar\.p2\pool\plugins\org.eclipse.justj.openjdk.hotspot.jre.full.win32.x86_64_17.0.4.v20220903-1038\jre\bin\server\jvm.dll
0x00007ffb7d5f0000 - 0x00007ffb7d6a1000 	C:\WINDOWS\System32\ADVAPI32.dll
0x00007ffb7d080000 - 0x00007ffb7d11f000 	C:\WINDOWS\System32\sechost.dll
0x00007ffb7e740000 - 0x00007ffb7e863000 	C:\WINDOWS\System32\RPCRT4.dll
0x00007ffb7c070000 - 0x00007ffb7c097000 	C:\WINDOWS\System32\bcrypt.dll
0x00007ffb7d5e0000 - 0x00007ffb7d5e8000 	C:\WINDOWS\System32\PSAPI.DLL
0x00007ffb6d9d0000 - 0x00007ffb6d9d9000 	C:\WINDOWS\SYSTEM32\WSOCK32.dll
0x00007ffb7dec0000 - 0x00007ffb7df2b000 	C:\WINDOWS\System32\WS2_32.dll
0x00007ffb717c0000 - 0x00007ffb717e7000 	C:\WINDOWS\SYSTEM32\WINMM.dll
0x00007ffb736f0000 - 0x00007ffb736fa000 	C:\WINDOWS\SYSTEM32\VERSION.dll
0x00007ffb7a8e0000 - 0x00007ffb7a8f2000 	C:\WINDOWS\SYSTEM32\kernel.appcore.dll
0x00007ffb76e40000 - 0x00007ffb76e4a000 	C:\Users\Aleksandar\.p2\pool\plugins\org.eclipse.justj.openjdk.hotspot.jre.full.win32.x86_64_17.0.4.v20220903-1038\jre\bin\jimage.dll
0x00007ffb7a670000 - 0x00007ffb7a854000 	C:\WINDOWS\SYSTEM32\DBGHELP.DLL
0x00007ffb6f6c0000 - 0x00007ffb6f6f4000 	C:\WINDOWS\SYSTEM32\dbgcore.DLL
0x00007ffb7c150000 - 0x00007ffb7c1d2000 	C:\WINDOWS\System32\bcryptPrimitives.dll
0x00007ffb76370000 - 0x00007ffb76395000 	C:\Users\Aleksandar\.p2\pool\plugins\org.eclipse.justj.openjdk.hotspot.jre.full.win32.x86_64_17.0.4.v20220903-1038\jre\bin\java.dll

dbghelp: loaded successfully - version: 4.0.5 - missing functions: none
symbol engine: initialized successfully - sym options: 0x614 - pdb path: .;C:\Users\Aleksandar\.p2\pool\plugins\org.eclipse.justj.openjdk.hotspot.jre.full.win32.x86_64_17.0.4.v20220903-1038\jre\bin;C:\WINDOWS\SYSTEM32;C:\Program Files\AVG\Antivirus;C:\WINDOWS\WinSxS\amd64_microsoft.windows.common-controls_6595b64144ccf1df_6.0.19041.4355_none_60b8b9eb71f62e16;C:\Users\Aleksandar\.p2\pool\plugins\org.eclipse.justj.openjdk.hotspot.jre.full.win32.x86_64_17.0.4.v20220903-1038\jre\bin\server

VM Arguments:
jvm_args: -Dfile.encoding=UTF-8 -XX:+ShowCodeDetailsInExceptionMessages 
java_command: glavni.SistemGUI
java_class_path (initial): C:\Users\Aleksandar\git\MojRep\VILAMET_PROGRAM\bin;C:\Users\Aleksandar\git\MojRep\VILAMET_PROGRAM\src\jcalendar-1.4.jar;C:\Users\Aleksandar\git\MojRep\VILAMET_PROGRAM\src\jgoodies-common-1.2.0.jar;C:\Users\Aleksandar\git\MojRep\VILAMET_PROGRAM\src\jgoodies-looks-2.4.1.jar;C:\Users\Aleksandar\git\MojRep\VILAMET_PROGRAM\src\junit-4.6.jar;C:\Downloads\mysql-connector-j-8.0.31.jar
Launcher Type: SUN_STANDARD

[Global flags]
     intx CICompilerCount                          = 3                                         {product} {ergonomic}
     uint ConcGCThreads                            = 1                                         {product} {ergonomic}
     uint G1ConcRefinementThreads                  = 4                                         {product} {ergonomic}
   size_t G1HeapRegionSize                         = 1048576                                   {product} {ergonomic}
    uintx GCDrainStackTargetSize                   = 64                                        {product} {ergonomic}
   size_t InitialHeapSize                          = 100663296                                 {product} {ergonomic}
   size_t MarkStackSize                            = 4194304                                   {product} {ergonomic}
   size_t MaxHeapSize                              = 1598029824                                {product} {ergonomic}
   size_t MinHeapDeltaBytes                        = 1048576                                   {product} {ergonomic}
   size_t MinHeapSize                              = 8388608                                   {product} {ergonomic}
    uintx NonNMethodCodeHeapSize                   = 5832780                                {pd product} {ergonomic}
    uintx NonProfiledCodeHeapSize                  = 122912730                              {pd product} {ergonomic}
    uintx ProfiledCodeHeapSize                     = 122912730                              {pd product} {ergonomic}
    uintx ReservedCodeCacheSize                    = 251658240                              {pd product} {ergonomic}
     bool SegmentedCodeCache                       = true                                      {product} {ergonomic}
     bool ShowCodeDetailsInExceptionMessages       = true                                   {manageable} {command line}
   size_t SoftMaxHeapSize                          = 1598029824                             {manageable} {ergonomic}
     bool UseCompressedClassPointers               = true                           {product lp64_product} {ergonomic}
     bool UseCompressedOops                        = true                           {product lp64_product} {ergonomic}
     bool UseG1GC                                  = true                                      {product} {ergonomic}
     bool UseLargePagesIndividualAllocation        = false                                  {pd product} {ergonomic}

Logging:
Log output configuration:
 #0: stdout all=warning uptime,level,tags
 #1: stderr all=off uptime,level,tags

Environment Variables:
PATH=C:/Users/Aleksandar/.p2/pool/plugins/org.eclipse.justj.openjdk.hotspot.jre.full.win32.x86_64_17.0.4.v20220903-1038/jre/bin/server;C:/Users/Aleksandar/.p2/pool/plugins/org.eclipse.justj.openjdk.hotspot.jre.full.win32.x86_64_17.0.4.v20220903-1038/jre/bin;C:\Program Files\Common Files\Oracle\Java\javapath;C:\Users\Aleks\product\21.0.0\dslmhome_1\bin;D:\app\Aleks\product\21.0.0\dslmhome_1\bin;D:\app\gsm\Aleksandar\product\21.0.0\dslmhome_1\bin;C:\Program Files\Microsoft MPI\Bin\;C:\WINDOWS\system32;C:\WINDOWS;C:\WINDOWS\System32\Wbem;C:\WINDOWS\System32\WindowsPowerShell\v1.0\;C:\WINDOWS\System32\OpenSSH\;C:\Program Files\dotnet\;C:\Program Files\Microsoft SQL Server\130\Tools\Binn\;C:\Program Files\Microsoft SQL Server\150\Tools\Binn\;C:\Program Files\Microsoft SQL Server\Client SDK\ODBC\170\Tools\Binn\;C:\Program Files\MATLAB\R2019b\bin;C:\Program Files\Git\cmd;C:\xampp\php;C:\ProgramData\ComposerSetup\bin;C:\Program Files\nodejs\;C:\Users\Aleksandar\AppData\Local\Microsoft\WindowsApps;C:\Users\Aleksandar\.dotnet\tools;C:\Users\Aleksandar\AppData\Local\Programs\Microsoft VS Code\bin;C:\Users\Aleksandar\AppData\Roaming\Composer\vendor\bin;C:\Users\Aleksandar\AppData\Roaming\npm;C:\Radna povr餜na;
USERNAME=Aleksandar
OS=Windows_NT
PROCESSOR_IDENTIFIER=AMD64 Family 23 Model 24 Stepping 1, AuthenticAMD
TMP=C:\Users\ALEKSA~1\AppData\Local\Temp
TEMP=C:\Users\ALEKSA~1\AppData\Local\Temp



---------------  S Y S T E M  ---------------

OS:
 Windows 10 , 64 bit Build 19041 (10.0.19041.5198)
OS uptime: 0 days 5:30 hours

CPU: total 4 (initial active 4) (4 cores per cpu, 2 threads per core) family 23 model 24 stepping 1 microcode 0x0, cx8, cmov, fxsr, ht, mmx, 3dnowpref, sse, sse2, sse3, ssse3, sse4a, sse4.1, sse4.2, popcnt, lzcnt, tsc, tscinvbit, avx, avx2, aes, clmul, bmi1, bmi2, adx, sha, fma, vzeroupper, clflush, clflushopt

Memory: 4k page, system-wide physical 6090M (316M free)
TotalPageFile size 8138M (AvailPageFile size 38M)
current process WorkingSet (physical memory assigned to process): 10M, peak: 10M
current process commit charge ("private bytes"): 51M, peak: 147M

vm_info: OpenJDK 64-Bit Server VM (17.0.4.1+1) for windows-amd64 JRE (17.0.4.1+1), built on Aug 17 2022 07:42:43 by "temurin" with MS VC++ 16.7 (VS2019)

END.
